[INFO@2015-12-25T16:35:43.998+08:00[Asia/Shanghai]@com.cogician.lang.InternalArguments]: Current Log Destination: 666.log
[INFO@2015-12-25T16:35:44.018+08:00[Asia/Shanghai]@com.cogician.lang.InternalArguments]: Initial Loading Sucess!
[INFO@2015-12-25T16:35:44.018+08:00[Asia/Shanghai]@com.cogician.lang.InternalArguments]: Loading in 1000 milliseconds, total: 1 times.
[INFO@2015-12-25T16:35:45.018+08:00[Asia/Shanghai]@com.cogician.lang.InternalArguments]: Loading Success!
[TEST@2015-12-25T16:35:45.018+08:00[Asia/Shanghai]@com.cogician.lang.InternalArguments]: Test "debug.key.0" = "This is "
[TEST@2015-12-25T16:35:45.018+08:00[Asia/Shanghai]@com.cogician.lang.InternalArguments]: Test "debug.key.1" = "in the "
[TEST@2015-12-25T16:35:45.018+08:00[Asia/Shanghai]@com.cogician.lang.InternalArguments]: Test "debug.key.2" = "debug file!"
[INFO@2015-12-25T16:38:27.299+08:00[Asia/Shanghai]@com.cogician.lang.InternalArguments]: Current Log Destination: 666.log
[INFO@2015-12-25T16:38:27.319+08:00[Asia/Shanghai]@com.cogician.lang.InternalArguments]: Initial Loading Success!
[INFO@2015-12-25T16:38:27.319+08:00[Asia/Shanghai]@com.cogician.lang.InternalArguments]: Loading in 1000 milliseconds, total: 1 times.
[INFO@2015-12-25T16:38:28.319+08:00[Asia/Shanghai]@com.cogician.lang.InternalArguments]: Loading Success!
[TEST@2015-12-25T16:38:28.319+08:00[Asia/Shanghai]@com.cogician.lang.InternalArguments]: Test "debug.key.0" = "This is "
[TEST@2015-12-25T16:38:28.319+08:00[Asia/Shanghai]@com.cogician.lang.InternalArguments]: Test "debug.key.1" = "in the "
[TEST@2015-12-25T16:38:28.319+08:00[Asia/Shanghai]@com.cogician.lang.InternalArguments]: Test "debug.key.2" = "debug file!"
[INFO@2015-12-25T16:38:28.319+08:00[Asia/Shanghai]@com.cogician.lang.InternalArguments]: Current Log Destination: 666.log
[INFO@2015-12-25T16:38:28.319+08:00[Asia/Shanghai]@com.cogician.lang.InternalArguments]: Loading in 1000 milliseconds, total: 2 times.
[INFO@2015-12-25T16:38:29.319+08:00[Asia/Shanghai]@com.cogician.lang.InternalArguments]: Loading Success!
[TEST@2015-12-25T16:38:29.349+08:00[Asia/Shanghai]@com.cogician.lang.InternalArguments]: Test "debug.key.0" = "This is "
[TEST@2015-12-25T16:38:29.349+08:00[Asia/Shanghai]@com.cogician.lang.InternalArguments]: Test "debug.key.1" = "in the "
[TEST@2015-12-25T16:38:29.349+08:00[Asia/Shanghai]@com.cogician.lang.InternalArguments]: Test "debug.key.2" = "debug file!"
[INFO@2015-12-25T16:38:29.349+08:00[Asia/Shanghai]@com.cogician.lang.InternalArguments]: Current Log Destination: 666.log
[INFO@2015-12-25T16:38:29.349+08:00[Asia/Shanghai]@com.cogician.lang.InternalArguments]: Loading in 1000 milliseconds, total: 3 times.
[INFO@2015-12-25T16:38:30.349+08:00[Asia/Shanghai]@com.cogician.lang.InternalArguments]: Loading Success!
[TEST@2015-12-25T16:38:30.349+08:00[Asia/Shanghai]@com.cogician.lang.InternalArguments]: Test "debug.key.0" = "This is "
[TEST@2015-12-25T16:38:30.349+08:00[Asia/Shanghai]@com.cogician.lang.InternalArguments]: Test "debug.key.1" = "in the "
[TEST@2015-12-25T16:38:30.349+08:00[Asia/Shanghai]@com.cogician.lang.InternalArguments]: Test "debug.key.2" = "debug file!"
[INFO@2015-12-25T16:38:30.349+08:00[Asia/Shanghai]@com.cogician.lang.InternalArguments]: Current Log Destination: 666.log
[INFO@2015-12-25T16:38:30.349+08:00[Asia/Shanghai]@com.cogician.lang.InternalArguments]: Loading in 1000 milliseconds, total: 4 times.
[INFO@2015-12-25T16:38:31.351+08:00[Asia/Shanghai]@com.cogician.lang.InternalArguments]: Loading Success!
[TEST@2015-12-25T16:38:31.351+08:00[Asia/Shanghai]@com.cogician.lang.InternalArguments]: Test "debug.key.0" = "This is "
[TEST@2015-12-25T16:38:31.351+08:00[Asia/Shanghai]@com.cogician.lang.InternalArguments]: Test "debug.key.1" = "in the "
[TEST@2015-12-25T16:38:31.351+08:00[Asia/Shanghai]@com.cogician.lang.InternalArguments]: Test "debug.key.2" = "debug file!"
[INFO@2015-12-25T16:38:31.351+08:00[Asia/Shanghai]@com.cogician.lang.InternalArguments]: Current Log Destination: 666.log
[INFO@2015-12-25T16:38:31.351+08:00[Asia/Shanghai]@com.cogician.lang.InternalArguments]: Loading in 1000 milliseconds, total: 5 times.
[INFO@2015-12-25T16:38:32.355+08:00[Asia/Shanghai]@com.cogician.lang.InternalArguments]: Loading Success!
[TEST@2015-12-25T16:38:32.355+08:00[Asia/Shanghai]@com.cogician.lang.InternalArguments]: Test "debug.key.0" = "This is "
[TEST@2015-12-25T16:38:32.355+08:00[Asia/Shanghai]@com.cogician.lang.InternalArguments]: Test "debug.key.1" = "in the "
[TEST@2015-12-25T16:38:32.355+08:00[Asia/Shanghai]@com.cogician.lang.InternalArguments]: Test "debug.key.2" = "debug file!"
[INFO@2015-12-25T16:38:32.355+08:00[Asia/Shanghai]@com.cogician.lang.InternalArguments]: Current Log Destination: 666.log
[INFO@2015-12-25T16:38:32.355+08:00[Asia/Shanghai]@com.cogician.lang.InternalArguments]: Loading in 1000 milliseconds, total: 6 times.
[INFO@2015-12-25T16:38:33.357+08:00[Asia/Shanghai]@com.cogician.lang.InternalArguments]: Loading Success!
[TEST@2015-12-25T16:38:33.357+08:00[Asia/Shanghai]@com.cogician.lang.InternalArguments]: Test "debug.key.0" = "This is "
[TEST@2015-12-25T16:38:33.357+08:00[Asia/Shanghai]@com.cogician.lang.InternalArguments]: Test "debug.key.1" = "in the "
[TEST@2015-12-25T16:38:33.357+08:00[Asia/Shanghai]@com.cogician.lang.InternalArguments]: Test "debug.key.2" = "debug file!"
[INFO@2015-12-25T16:38:33.357+08:00[Asia/Shanghai]@com.cogician.lang.InternalArguments]: Current Log Destination: 666.log
[INFO@2015-12-25T16:38:33.357+08:00[Asia/Shanghai]@com.cogician.lang.InternalArguments]: Loading in 1000 milliseconds, total: 7 times.
[INFO@2015-12-25T16:38:34.361+08:00[Asia/Shanghai]@com.cogician.lang.InternalArguments]: Loading Success!
[TEST@2015-12-25T16:38:34.361+08:00[Asia/Shanghai]@com.cogician.lang.InternalArguments]: Test "debug.key.0" = "This is "
[TEST@2015-12-25T16:38:34.361+08:00[Asia/Shanghai]@com.cogician.lang.InternalArguments]: Test "debug.key.1" = "in the "
[TEST@2015-12-25T16:38:34.361+08:00[Asia/Shanghai]@com.cogician.lang.InternalArguments]: Test "debug.key.2" = "debug file!"
[INFO@2015-12-25T16:38:34.361+08:00[Asia/Shanghai]@com.cogician.lang.InternalArguments]: Current Log Destination: 666.log
[INFO@2015-12-25T16:38:34.361+08:00[Asia/Shanghai]@com.cogician.lang.InternalArguments]: Loading in 1000 milliseconds, total: 8 times.
[INFO@2015-12-25T16:38:35.363+08:00[Asia/Shanghai]@com.cogician.lang.InternalArguments]: Loading Success!
[TEST@2015-12-25T16:38:35.363+08:00[Asia/Shanghai]@com.cogician.lang.InternalArguments]: Test "debug.key.0" = "This is "
[TEST@2015-12-25T16:38:35.363+08:00[Asia/Shanghai]@com.cogician.lang.InternalArguments]: Test "debug.key.1" = "in the "
[TEST@2015-12-25T16:38:35.363+08:00[Asia/Shanghai]@com.cogician.lang.InternalArguments]: Test "debug.key.2" = "debug file!"
[INFO@2015-12-25T16:38:35.363+08:00[Asia/Shanghai]@com.cogician.lang.InternalArguments]: Current Log Destination: 666.log
[INFO@2015-12-25T16:38:35.363+08:00[Asia/Shanghai]@com.cogician.lang.InternalArguments]: Loading in 1000 milliseconds, total: 9 times.
[INFO@2015-12-25T16:38:36.363+08:00[Asia/Shanghai]@com.cogician.lang.InternalArguments]: Loading Success!
[TEST@2015-12-25T16:38:36.363+08:00[Asia/Shanghai]@com.cogician.lang.InternalArguments]: Test "debug.key.0" = "This is "
[TEST@2015-12-25T16:38:36.363+08:00[Asia/Shanghai]@com.cogician.lang.InternalArguments]: Test "debug.key.1" = "in the "
[TEST@2015-12-25T16:38:36.363+08:00[Asia/Shanghai]@com.cogician.lang.InternalArguments]: Test "debug.key.2" = "debug file!"
[INFO@2015-12-25T16:38:36.363+08:00[Asia/Shanghai]@com.cogician.lang.InternalArguments]: Current Log Destination: 666.log
[INFO@2015-12-25T16:38:36.363+08:00[Asia/Shanghai]@com.cogician.lang.InternalArguments]: Loading in 1000 milliseconds, total: 10 times.
[INFO@2015-12-25T16:38:37.365+08:00[Asia/Shanghai]@com.cogician.lang.InternalArguments]: Loading Success!
[TEST@2015-12-25T16:38:37.365+08:00[Asia/Shanghai]@com.cogician.lang.InternalArguments]: Test "debug.key.0" = "This is "
[TEST@2015-12-25T16:38:37.365+08:00[Asia/Shanghai]@com.cogician.lang.InternalArguments]: Test "debug.key.1" = "in the "
[TEST@2015-12-25T16:38:37.365+08:00[Asia/Shanghai]@com.cogician.lang.InternalArguments]: Test "debug.key.2" = "debug file!"
[INFO@2015-12-25T16:38:37.365+08:00[Asia/Shanghai]@com.cogician.lang.InternalArguments]: Current Log Destination: 666.log
[INFO@2015-12-25T16:38:37.365+08:00[Asia/Shanghai]@com.cogician.lang.InternalArguments]: Loading in 1000 milliseconds, total: 11 times.
[INFO@2015-12-25T16:38:38.365+08:00[Asia/Shanghai]@com.cogician.lang.InternalArguments]: Loading Success!
[TEST@2015-12-25T16:38:38.365+08:00[Asia/Shanghai]@com.cogician.lang.InternalArguments]: Test "debug.key.0" = "This is "
[TEST@2015-12-25T16:38:38.365+08:00[Asia/Shanghai]@com.cogician.lang.InternalArguments]: Test "debug.key.1" = "in the "
[TEST@2015-12-25T16:38:38.365+08:00[Asia/Shanghai]@com.cogician.lang.InternalArguments]: Test "debug.key.2" = "debug file!"
[INFO@2015-12-25T16:38:38.365+08:00[Asia/Shanghai]@com.cogician.lang.InternalArguments]: Current Log Destination: 666.log
[INFO@2015-12-25T16:38:38.365+08:00[Asia/Shanghai]@com.cogician.lang.InternalArguments]: Loading in 1000 milliseconds, total: 12 times.
[INFO@2015-12-25T16:38:39.367+08:00[Asia/Shanghai]@com.cogician.lang.InternalArguments]: Loading Success!
[TEST@2015-12-25T16:38:39.367+08:00[Asia/Shanghai]@com.cogician.lang.InternalArguments]: Test "debug.key.0" = "This is "
[TEST@2015-12-25T16:38:39.367+08:00[Asia/Shanghai]@com.cogician.lang.InternalArguments]: Test "debug.key.1" = "in the "
[TEST@2015-12-25T16:38:39.367+08:00[Asia/Shanghai]@com.cogician.lang.InternalArguments]: Test "debug.key.2" = "debug file!"
[INFO@2015-12-25T16:38:39.367+08:00[Asia/Shanghai]@com.cogician.lang.InternalArguments]: Current Log Destination: 666.log
[INFO@2015-12-25T16:38:39.367+08:00[Asia/Shanghai]@com.cogician.lang.InternalArguments]: Loading in 1000 milliseconds, total: 13 times.
[INFO@2015-12-25T16:38:40.369+08:00[Asia/Shanghai]@com.cogician.lang.InternalArguments]: Loading Success!
[TEST@2015-12-25T16:38:40.369+08:00[Asia/Shanghai]@com.cogician.lang.InternalArguments]: Test "debug.key.0" = "This is "
[TEST@2015-12-25T16:38:40.369+08:00[Asia/Shanghai]@com.cogician.lang.InternalArguments]: Test "debug.key.1" = "in the "
[TEST@2015-12-25T16:38:40.369+08:00[Asia/Shanghai]@com.cogician.lang.InternalArguments]: Test "debug.key.2" = "debug file!"
[INFO@2015-12-25T16:38:40.369+08:00[Asia/Shanghai]@com.cogician.lang.InternalArguments]: Current Log Destination: 666.log
[INFO@2015-12-25T16:38:40.369+08:00[Asia/Shanghai]@com.cogician.lang.InternalArguments]: Loading in 1000 milliseconds, total: 14 times.
[INFO@2015-12-25T16:38:41.371+08:00[Asia/Shanghai]@com.cogician.lang.InternalArguments]: Loading Success!
[TEST@2015-12-25T16:38:41.371+08:00[Asia/Shanghai]@com.cogician.lang.InternalArguments]: Test "debug.key.0" = "This is "
[TEST@2015-12-25T16:38:41.371+08:00[Asia/Shanghai]@com.cogician.lang.InternalArguments]: Test "debug.key.1" = "in the "
[TEST@2015-12-25T16:38:41.371+08:00[Asia/Shanghai]@com.cogician.lang.InternalArguments]: Test "debug.key.2" = "debug file!"
[INFO@2015-12-25T16:38:41.371+08:00[Asia/Shanghai]@com.cogician.lang.InternalArguments]: Current Log Destination: 666.log
[INFO@2015-12-25T16:38:41.371+08:00[Asia/Shanghai]@com.cogician.lang.InternalArguments]: Loading in 1000 milliseconds, total: 15 times.
[INFO@2015-12-25T16:38:42.373+08:00[Asia/Shanghai]@com.cogician.lang.InternalArguments]: Loading Success!
[TEST@2015-12-25T16:38:42.373+08:00[Asia/Shanghai]@com.cogician.lang.InternalArguments]: Test "debug.key.0" = "This is "
[TEST@2015-12-25T16:38:42.373+08:00[Asia/Shanghai]@com.cogician.lang.InternalArguments]: Test "debug.key.1" = "in the "
[TEST@2015-12-25T16:38:42.373+08:00[Asia/Shanghai]@com.cogician.lang.InternalArguments]: Test "debug.key.2" = "debug file!"
[INFO@2015-12-25T16:38:42.373+08:00[Asia/Shanghai]@com.cogician.lang.InternalArguments]: Current Log Destination: 666.log
[INFO@2015-12-25T16:38:42.373+08:00[Asia/Shanghai]@com.cogician.lang.InternalArguments]: Loading in 1000 milliseconds, total: 16 times.
[INFO@2015-12-25T16:38:43.373+08:00[Asia/Shanghai]@com.cogician.lang.InternalArguments]: Loading Success!
[TEST@2015-12-25T16:38:43.373+08:00[Asia/Shanghai]@com.cogician.lang.InternalArguments]: Test "debug.key.0" = "This is "
[TEST@2015-12-25T16:38:43.373+08:00[Asia/Shanghai]@com.cogician.lang.InternalArguments]: Test "debug.key.1" = "in the "
[TEST@2015-12-25T16:38:43.373+08:00[Asia/Shanghai]@com.cogician.lang.InternalArguments]: Test "debug.key.2" = "debug file!"
[INFO@2015-12-25T16:38:43.373+08:00[Asia/Shanghai]@com.cogician.lang.InternalArguments]: Current Log Destination: 666.log
[INFO@2015-12-25T16:38:43.373+08:00[Asia/Shanghai]@com.cogician.lang.InternalArguments]: Loading in 1000 milliseconds, total: 17 times.
[INFO@2015-12-25T16:38:44.375+08:00[Asia/Shanghai]@com.cogician.lang.InternalArguments]: Loading Success!
[TEST@2015-12-25T16:38:44.375+08:00[Asia/Shanghai]@com.cogician.lang.InternalArguments]: Test "debug.key.0" = "This is "
[TEST@2015-12-25T16:38:44.375+08:00[Asia/Shanghai]@com.cogician.lang.InternalArguments]: Test "debug.key.1" = "in the "
[TEST@2015-12-25T16:38:44.375+08:00[Asia/Shanghai]@com.cogician.lang.InternalArguments]: Test "debug.key.2" = "debug file!"
[INFO@2015-12-25T16:38:44.375+08:00[Asia/Shanghai]@com.cogician.lang.InternalArguments]: Current Log Destination: 666.log
[INFO@2015-12-25T16:38:44.375+08:00[Asia/Shanghai]@com.cogician.lang.InternalArguments]: Loading in 1000 milliseconds, total: 18 times.
[INFO@2015-12-25T16:38:45.377+08:00[Asia/Shanghai]@com.cogician.lang.InternalArguments]: Loading Success!
[TEST@2015-12-25T16:38:45.377+08:00[Asia/Shanghai]@com.cogician.lang.InternalArguments]: Test "debug.key.0" = "This is "
[TEST@2015-12-25T16:38:45.377+08:00[Asia/Shanghai]@com.cogician.lang.InternalArguments]: Test "debug.key.1" = "in the "
[TEST@2015-12-25T16:38:45.377+08:00[Asia/Shanghai]@com.cogician.lang.InternalArguments]: Test "debug.key.2" = "debug file!"
[INFO@2015-12-25T16:38:45.377+08:00[Asia/Shanghai]@com.cogician.lang.InternalArguments]: Current Log Destination: 666.log
[INFO@2015-12-25T16:38:45.377+08:00[Asia/Shanghai]@com.cogician.lang.InternalArguments]: Loading in 1000 milliseconds, total: 19 times.
[INFO@2015-12-25T16:38:46.379+08:00[Asia/Shanghai]@com.cogician.lang.InternalArguments]: Loading Success!
[TEST@2015-12-25T16:38:46.379+08:00[Asia/Shanghai]@com.cogician.lang.InternalArguments]: Test "debug.key.0" = "This is "
[TEST@2015-12-25T16:38:46.379+08:00[Asia/Shanghai]@com.cogician.lang.InternalArguments]: Test "debug.key.1" = "in the "
[TEST@2015-12-25T16:38:46.379+08:00[Asia/Shanghai]@com.cogician.lang.InternalArguments]: Test "debug.key.2" = "debug file!"
[INFO@2015-12-25T16:38:46.379+08:00[Asia/Shanghai]@com.cogician.lang.InternalArguments]: Current Log Destination: 666.log
[INFO@2015-12-25T16:38:46.379+08:00[Asia/Shanghai]@com.cogician.lang.InternalArguments]: Loading in 1000 milliseconds, total: 20 times.
[INFO@2015-12-25T16:38:47.381+08:00[Asia/Shanghai]@com.cogician.lang.InternalArguments]: Loading Success!
[TEST@2015-12-25T16:38:47.381+08:00[Asia/Shanghai]@com.cogician.lang.InternalArguments]: Test "debug.key.0" = "This is "
[TEST@2015-12-25T16:38:47.381+08:00[Asia/Shanghai]@com.cogician.lang.InternalArguments]: Test "debug.key.1" = "in the "
[TEST@2015-12-25T16:38:47.381+08:00[Asia/Shanghai]@com.cogician.lang.InternalArguments]: Test "debug.key.2" = "debug file!"
[INFO@2015-12-25T16:38:47.381+08:00[Asia/Shanghai]@com.cogician.lang.InternalArguments]: Current Log Destination: 666.log
[INFO@2015-12-25T16:38:47.381+08:00[Asia/Shanghai]@com.cogician.lang.InternalArguments]: Loading in 1000 milliseconds, total: 21 times.
[INFO@2015-12-25T16:38:48.381+08:00[Asia/Shanghai]@com.cogician.lang.InternalArguments]: Loading Success!
[TEST@2015-12-25T16:38:48.381+08:00[Asia/Shanghai]@com.cogician.lang.InternalArguments]: Test "debug.key.0" = "This is "
[TEST@2015-12-25T16:38:48.381+08:00[Asia/Shanghai]@com.cogician.lang.InternalArguments]: Test "debug.key.1" = "in the "
[TEST@2015-12-25T16:38:48.381+08:00[Asia/Shanghai]@com.cogician.lang.InternalArguments]: Test "debug.key.2" = "debug file!"
[INFO@2015-12-25T16:38:48.381+08:00[Asia/Shanghai]@com.cogician.lang.InternalArguments]: Current Log Destination: 666.log
[INFO@2015-12-25T16:38:48.381+08:00[Asia/Shanghai]@com.cogician.lang.InternalArguments]: Loading in 1000 milliseconds, total: 22 times.
[INFO@2015-12-25T16:38:49.383+08:00[Asia/Shanghai]@com.cogician.lang.InternalArguments]: Loading Success!
[TEST@2015-12-25T16:38:49.383+08:00[Asia/Shanghai]@com.cogician.lang.InternalArguments]: Test "debug.key.0" = "This is "
[TEST@2015-12-25T16:38:49.383+08:00[Asia/Shanghai]@com.cogician.lang.InternalArguments]: Test "debug.key.1" = "in the "
[TEST@2015-12-25T16:38:49.383+08:00[Asia/Shanghai]@com.cogician.lang.InternalArguments]: Test "debug.key.2" = "debug file!"
[INFO@2015-12-25T16:38:49.383+08:00[Asia/Shanghai]@com.cogician.lang.InternalArguments]: Current Log Destination: 666.log
[INFO@2015-12-25T16:38:49.383+08:00[Asia/Shanghai]@com.cogician.lang.InternalArguments]: Loading in 1000 milliseconds, total: 23 times.
[INFO@2015-12-25T16:38:50.383+08:00[Asia/Shanghai]@com.cogician.lang.InternalArguments]: Loading Success!
[TEST@2015-12-25T16:38:50.383+08:00[Asia/Shanghai]@com.cogician.lang.InternalArguments]: Test "debug.key.0" = "This is "
[TEST@2015-12-25T16:38:50.383+08:00[Asia/Shanghai]@com.cogician.lang.InternalArguments]: Test "debug.key.1" = "in the "
[TEST@2015-12-25T16:38:50.383+08:00[Asia/Shanghai]@com.cogician.lang.InternalArguments]: Test "debug.key.2" = "debug file!"
[INFO@2015-12-25T16:38:50.383+08:00[Asia/Shanghai]@com.cogician.lang.InternalArguments]: Current Log Destination: 666.log
[INFO@2015-12-25T16:38:50.383+08:00[Asia/Shanghai]@com.cogician.lang.InternalArguments]: Loading in 1000 milliseconds, total: 24 times.
[INFO@2015-12-25T16:38:51.387+08:00[Asia/Shanghai]@com.cogician.lang.InternalArguments]: Loading Success!
[TEST@2015-12-25T16:38:51.387+08:00[Asia/Shanghai]@com.cogician.lang.InternalArguments]: Test "debug.key.0" = "This is "
[TEST@2015-12-25T16:38:51.387+08:00[Asia/Shanghai]@com.cogician.lang.InternalArguments]: Test "debug.key.1" = "in the "
[TEST@2015-12-25T16:38:51.387+08:00[Asia/Shanghai]@com.cogician.lang.InternalArguments]: Test "debug.key.2" = "debug file!"
[INFO@2015-12-25T16:38:51.387+08:00[Asia/Shanghai]@com.cogician.lang.InternalArguments]: Current Log Destination: 666.log
[INFO@2015-12-25T16:38:51.387+08:00[Asia/Shanghai]@com.cogician.lang.InternalArguments]: Loading in 1000 milliseconds, total: 25 times.
[INFO@2015-12-25T16:38:52.397+08:00[Asia/Shanghai]@com.cogician.lang.InternalArguments]: Loading Success!
[TEST@2015-12-25T16:38:52.397+08:00[Asia/Shanghai]@com.cogician.lang.InternalArguments]: Test "debug.key.0" = "This is "
[TEST@2015-12-25T16:38:52.397+08:00[Asia/Shanghai]@com.cogician.lang.InternalArguments]: Test "debug.key.1" = "in the "
[TEST@2015-12-25T16:38:52.397+08:00[Asia/Shanghai]@com.cogician.lang.InternalArguments]: Test "debug.key.2" = "debug file!"
[INFO@2015-12-25T16:38:52.397+08:00[Asia/Shanghai]@com.cogician.lang.InternalArguments]: Current Log Destination: 666.log
[INFO@2015-12-25T16:38:52.397+08:00[Asia/Shanghai]@com.cogician.lang.InternalArguments]: Loading in 1000 milliseconds, total: 26 times.
[INFO@2015-12-25T16:38:53.401+08:00[Asia/Shanghai]@com.cogician.lang.InternalArguments]: Loading Success!
[TEST@2015-12-25T16:38:53.401+08:00[Asia/Shanghai]@com.cogician.lang.InternalArguments]: Test "debug.key.0" = "This is "
[TEST@2015-12-25T16:38:53.401+08:00[Asia/Shanghai]@com.cogician.lang.InternalArguments]: Test "debug.key.1" = "in the "
[TEST@2015-12-25T16:38:53.401+08:00[Asia/Shanghai]@com.cogician.lang.InternalArguments]: Test "debug.key.2" = "debug file!"
[INFO@2015-12-25T16:38:53.401+08:00[Asia/Shanghai]@com.cogician.lang.InternalArguments]: Current Log Destination: 666.log
[INFO@2015-12-25T16:38:53.401+08:00[Asia/Shanghai]@com.cogician.lang.InternalArguments]: Loading in 1000 milliseconds, total: 27 times.
[INFO@2015-12-25T16:38:54.405+08:00[Asia/Shanghai]@com.cogician.lang.InternalArguments]: Loading Success!
[TEST@2015-12-25T16:38:54.405+08:00[Asia/Shanghai]@com.cogician.lang.InternalArguments]: Test "debug.key.0" = "This is "
[TEST@2015-12-25T16:38:54.405+08:00[Asia/Shanghai]@com.cogician.lang.InternalArguments]: Test "debug.key.1" = "in the "
[TEST@2015-12-25T16:38:54.405+08:00[Asia/Shanghai]@com.cogician.lang.InternalArguments]: Test "debug.key.2" = "debug file!"
[INFO@2015-12-25T16:38:54.405+08:00[Asia/Shanghai]@com.cogician.lang.InternalArguments]: Current Log Destination: 666.log
[INFO@2015-12-25T16:38:54.405+08:00[Asia/Shanghai]@com.cogician.lang.InternalArguments]: Loading in 1000 milliseconds, total: 28 times.
[INFO@2015-12-25T16:38:55.405+08:00[Asia/Shanghai]@com.cogician.lang.InternalArguments]: Loading Success!
[TEST@2015-12-25T16:38:55.405+08:00[Asia/Shanghai]@com.cogician.lang.InternalArguments]: Test "debug.key.0" = "This is "
[TEST@2015-12-25T16:38:55.405+08:00[Asia/Shanghai]@com.cogician.lang.InternalArguments]: Test "debug.key.1" = "in the "
[TEST@2015-12-25T16:38:55.405+08:00[Asia/Shanghai]@com.cogician.lang.InternalArguments]: Test "debug.key.2" = "debug file!"
[INFO@2015-12-25T16:38:55.406+08:00[Asia/Shanghai]@com.cogician.lang.InternalArguments]: Current Log Destination: 666.log
[INFO@2015-12-25T16:38:55.406+08:00[Asia/Shanghai]@com.cogician.lang.InternalArguments]: Loading in 1000 milliseconds, total: 29 times.
[INFO@2015-12-25T16:38:56.407+08:00[Asia/Shanghai]@com.cogician.lang.InternalArguments]: Loading Success!
[TEST@2015-12-25T16:38:56.407+08:00[Asia/Shanghai]@com.cogician.lang.InternalArguments]: Test "debug.key.0" = "This is "
[TEST@2015-12-25T16:38:56.408+08:00[Asia/Shanghai]@com.cogician.lang.InternalArguments]: Test "debug.key.1" = "in the "
[TEST@2015-12-25T16:38:56.408+08:00[Asia/Shanghai]@com.cogician.lang.InternalArguments]: Test "debug.key.2" = "debug file!"
[INFO@2015-12-25T16:38:56.408+08:00[Asia/Shanghai]@com.cogician.lang.InternalArguments]: Current Log Destination: 666.log
[INFO@2015-12-25T16:38:56.408+08:00[Asia/Shanghai]@com.cogician.lang.InternalArguments]: Loading in 1000 milliseconds, total: 30 times.
[INFO@2015-12-25T16:38:57.437+08:00[Asia/Shanghai]@com.cogician.lang.InternalArguments]: Loading Success!
[TEST@2015-12-25T16:38:57.437+08:00[Asia/Shanghai]@com.cogician.lang.InternalArguments]: Test "debug.key.0" = "This is "
[TEST@2015-12-25T16:38:57.437+08:00[Asia/Shanghai]@com.cogician.lang.InternalArguments]: Test "debug.key.1" = "in the "
[TEST@2015-12-25T16:38:57.437+08:00[Asia/Shanghai]@com.cogician.lang.InternalArguments]: Test "debug.key.2" = "debug file!"
[INFO@2015-12-25T16:38:57.447+08:00[Asia/Shanghai]@com.cogician.lang.InternalArguments]: Current Log Destination: 666.log
[INFO@2015-12-25T16:38:57.447+08:00[Asia/Shanghai]@com.cogician.lang.InternalArguments]: Loading in 1000 milliseconds, total: 31 times.
[INFO@2015-12-25T16:38:58.459+08:00[Asia/Shanghai]@com.cogician.lang.InternalArguments]: Loading Success!
[TEST@2015-12-25T16:38:58.459+08:00[Asia/Shanghai]@com.cogician.lang.InternalArguments]: Test "debug.key.0" = "This is "
[TEST@2015-12-25T16:38:58.459+08:00[Asia/Shanghai]@com.cogician.lang.InternalArguments]: Test "debug.key.1" = "in the "
[TEST@2015-12-25T16:38:58.459+08:00[Asia/Shanghai]@com.cogician.lang.InternalArguments]: Test "debug.key.2" = "debug file!"
[INFO@2015-12-25T16:38:58.459+08:00[Asia/Shanghai]@com.cogician.lang.InternalArguments]: Current Log Destination: 666.log
[INFO@2015-12-25T16:38:58.459+08:00[Asia/Shanghai]@com.cogician.lang.InternalArguments]: Loading in 1000 milliseconds, total: 32 times.
[INFO@2015-12-25T16:38:59.461+08:00[Asia/Shanghai]@com.cogician.lang.InternalArguments]: Loading Success!
[TEST@2015-12-25T16:38:59.461+08:00[Asia/Shanghai]@com.cogician.lang.InternalArguments]: Test "debug.key.0" = "This is "
[TEST@2015-12-25T16:38:59.461+08:00[Asia/Shanghai]@com.cogician.lang.InternalArguments]: Test "debug.key.1" = "in the "
[TEST@2015-12-25T16:38:59.461+08:00[Asia/Shanghai]@com.cogician.lang.InternalArguments]: Test "debug.key.2" = "debug file!"
[INFO@2015-12-25T16:38:59.461+08:00[Asia/Shanghai]@com.cogician.lang.InternalArguments]: Current Log Destination: 666.log
[INFO@2015-12-25T16:38:59.461+08:00[Asia/Shanghai]@com.cogician.lang.InternalArguments]: Loading in 1000 milliseconds, total: 33 times.
[INFO@2015-12-25T16:39:00.461+08:00[Asia/Shanghai]@com.cogician.lang.InternalArguments]: Loading Success!
[TEST@2015-12-25T16:39:00.461+08:00[Asia/Shanghai]@com.cogician.lang.InternalArguments]: Test "debug.key.0" = "This is "
[TEST@2015-12-25T16:39:00.461+08:00[Asia/Shanghai]@com.cogician.lang.InternalArguments]: Test "debug.key.1" = "in the "
[TEST@2015-12-25T16:39:00.462+08:00[Asia/Shanghai]@com.cogician.lang.InternalArguments]: Test "debug.key.2" = "debug file!"
[INFO@2015-12-25T16:39:00.462+08:00[Asia/Shanghai]@com.cogician.lang.InternalArguments]: Current Log Destination: 666.log
[INFO@2015-12-25T16:39:00.462+08:00[Asia/Shanghai]@com.cogician.lang.InternalArguments]: Loading in 1000 milliseconds, total: 34 times.
[INFO@2015-12-25T16:39:01.465+08:00[Asia/Shanghai]@com.cogician.lang.InternalArguments]: Loading Success!
[TEST@2015-12-25T16:39:01.465+08:00[Asia/Shanghai]@com.cogician.lang.InternalArguments]: Test "debug.key.0" = "This is "
[TEST@2015-12-25T16:39:01.465+08:00[Asia/Shanghai]@com.cogician.lang.InternalArguments]: Test "debug.key.1" = "in the "
[TEST@2015-12-25T16:39:01.465+08:00[Asia/Shanghai]@com.cogician.lang.InternalArguments]: Test "debug.key.2" = "debug file!"
[INFO@2015-12-25T16:39:01.465+08:00[Asia/Shanghai]@com.cogician.lang.InternalArguments]: Current Log Destination: 666.log
[INFO@2015-12-25T16:39:01.465+08:00[Asia/Shanghai]@com.cogician.lang.InternalArguments]: Loading in 1000 milliseconds, total: 35 times.
[INFO@2015-12-25T16:39:02.465+08:00[Asia/Shanghai]@com.cogician.lang.InternalArguments]: Loading Success!
[TEST@2015-12-25T16:39:02.465+08:00[Asia/Shanghai]@com.cogician.lang.InternalArguments]: Test "debug.key.0" = "This is "
[TEST@2015-12-25T16:39:02.465+08:00[Asia/Shanghai]@com.cogician.lang.InternalArguments]: Test "debug.key.1" = "in the "
[TEST@2015-12-25T16:39:02.465+08:00[Asia/Shanghai]@com.cogician.lang.InternalArguments]: Test "debug.key.2" = "debug file!"
[INFO@2015-12-25T16:39:02.465+08:00[Asia/Shanghai]@com.cogician.lang.InternalArguments]: Current Log Destination: 666.log
[INFO@2015-12-25T16:39:02.465+08:00[Asia/Shanghai]@com.cogician.lang.InternalArguments]: Loading in 1000 milliseconds, total: 36 times.
[INFO@2015-12-25T16:39:03.467+08:00[Asia/Shanghai]@com.cogician.lang.InternalArguments]: Loading Success!
[TEST@2015-12-25T16:39:03.467+08:00[Asia/Shanghai]@com.cogician.lang.InternalArguments]: Test "debug.key.0" = "This is "
[TEST@2015-12-25T16:39:03.467+08:00[Asia/Shanghai]@com.cogician.lang.InternalArguments]: Test "debug.key.1" = "in the "
[TEST@2015-12-25T16:39:03.467+08:00[Asia/Shanghai]@com.cogician.lang.InternalArguments]: Test "debug.key.2" = "debug file!"
[INFO@2015-12-25T16:39:03.467+08:00[Asia/Shanghai]@com.cogician.lang.InternalArguments]: Current Log Destination: 666.log
[INFO@2015-12-25T16:39:03.467+08:00[Asia/Shanghai]@com.cogician.lang.InternalArguments]: Loading in 1000 milliseconds, total: 37 times.
[INFO@2015-12-25T16:39:04.467+08:00[Asia/Shanghai]@com.cogician.lang.InternalArguments]: Loading Success!
[TEST@2015-12-25T16:39:04.467+08:00[Asia/Shanghai]@com.cogician.lang.InternalArguments]: Test "debug.key.0" = "This is "
[TEST@2015-12-25T16:39:04.467+08:00[Asia/Shanghai]@com.cogician.lang.InternalArguments]: Test "debug.key.1" = "in the "
[TEST@2015-12-25T16:39:04.467+08:00[Asia/Shanghai]@com.cogician.lang.InternalArguments]: Test "debug.key.2" = "debug file!"
[INFO@2015-12-25T16:39:04.467+08:00[Asia/Shanghai]@com.cogician.lang.InternalArguments]: Current Log Destination: 666.log
[INFO@2015-12-25T16:39:04.467+08:00[Asia/Shanghai]@com.cogician.lang.InternalArguments]: Loading in 1000 milliseconds, total: 38 times.
[INFO@2015-12-25T16:39:05.467+08:00[Asia/Shanghai]@com.cogician.lang.InternalArguments]: Loading Success!
[TEST@2015-12-25T16:39:05.467+08:00[Asia/Shanghai]@com.cogician.lang.InternalArguments]: Test "debug.key.0" = "This is "
[TEST@2015-12-25T16:39:05.467+08:00[Asia/Shanghai]@com.cogician.lang.InternalArguments]: Test "debug.key.1" = "in the "
[TEST@2015-12-25T16:39:05.467+08:00[Asia/Shanghai]@com.cogician.lang.InternalArguments]: Test "debug.key.2" = "debug file!"
